{"C:\\Users\\ASUS\\Desktop\\Projects\\data-viewer-app\\src\\redux\\slices\\chartSlice.ts": {"path":"C:\\Users\\ASUS\\Desktop\\Projects\\data-viewer-app\\src\\redux\\slices\\chartSlice.ts","statementMap":{"0":{"start":{"line":1,"column":0},"end":{"line":1,"column":62}},"1":{"start":{"line":19,"column":33},"end":{"line":21,"column":2}},"2":{"start":{"line":23,"column":13},"end":{"line":37,"column":3}},"3":{"start":{"line":28,"column":6},"end":{"line":28,"column":39}},"4":{"start":{"line":31,"column":6},"end":{"line":31,"column":43}},"5":{"start":{"line":34,"column":6},"end":{"line":34,"column":38}},"6":{"start":{"line":39,"column":13},"end":{"line":39,"column":70}},"7":{"start":{"line":40,"column":0},"end":{"line":40,"column":34}}},"fnMap":{"0":{"name":"(anonymous_0)","decl":{"start":{"line":27,"column":18},"end":{"line":27,"column":19}},"loc":{"start":{"line":27,"column":64},"end":{"line":29,"column":5}}},"1":{"name":"(anonymous_1)","decl":{"start":{"line":30,"column":22},"end":{"line":30,"column":23}},"loc":{"start":{"line":30,"column":84},"end":{"line":32,"column":5}}},"2":{"name":"(anonymous_2)","decl":{"start":{"line":33,"column":24},"end":{"line":33,"column":25}},"loc":{"start":{"line":33,"column":34},"end":{"line":35,"column":5}}}},"branchMap":{},"s":{"0":1,"1":1,"2":1,"3":2,"4":2,"5":1,"6":1,"7":1},"f":{"0":2,"1":2,"2":1},"b":{}}
,"C:\\Users\\ASUS\\Desktop\\Projects\\data-viewer-app\\src\\redux\\slices\\planningSlice.ts": {"path":"C:\\Users\\ASUS\\Desktop\\Projects\\data-viewer-app\\src\\redux\\slices\\planningSlice.ts","statementMap":{"0":{"start":{"line":1,"column":0},"end":{"line":1,"column":62}},"1":{"start":{"line":35,"column":36},"end":{"line":39,"column":2}},"2":{"start":{"line":41,"column":22},"end":{"line":97,"column":2}},"3":{"start":{"line":46,"column":6},"end":{"line":46,"column":42}},"4":{"start":{"line":49,"column":6},"end":{"line":49,"column":47}},"5":{"start":{"line":60,"column":46},"end":{"line":60,"column":60}},"6":{"start":{"line":61,"column":6},"end":{"line":72,"column":9}},"7":{"start":{"line":62,"column":8},"end":{"line":70,"column":9}},"8":{"start":{"line":63,"column":10},"end":{"line":67,"column":null}},"9":{"start":{"line":71,"column":8},"end":{"line":71,"column":20}},"10":{"start":{"line":91,"column":6},"end":{"line":91,"column":41}},"11":{"start":{"line":94,"column":6},"end":{"line":94,"column":31}},"12":{"start":{"line":99,"column":13},"end":{"line":104,"column":null}},"13":{"start":{"line":107,"column":0},"end":{"line":107,"column":37}}},"fnMap":{"0":{"name":"(anonymous_0)","decl":{"start":{"line":45,"column":21},"end":{"line":45,"column":22}},"loc":{"start":{"line":45,"column":69},"end":{"line":47,"column":5}}},"1":{"name":"(anonymous_1)","decl":{"start":{"line":48,"column":19},"end":{"line":48,"column":20}},"loc":{"start":{"line":48,"column":62},"end":{"line":50,"column":5}}},"2":{"name":"(anonymous_2)","decl":{"start":{"line":51,"column":28},"end":{"line":51,"column":null}},"loc":{"start":{"line":59,"column":8},"end":{"line":73,"column":5}}},"3":{"name":"(anonymous_3)","decl":{"start":{"line":61,"column":50},"end":{"line":61,"column":51}},"loc":{"start":{"line":61,"column":59},"end":{"line":72,"column":7}}},"4":{"name":"(anonymous_4)","decl":{"start":{"line":74,"column":20},"end":{"line":74,"column":null}},"loc":{"start":{"line":90,"column":8},"end":{"line":92,"column":5}}},"5":{"name":"(anonymous_5)","decl":{"start":{"line":93,"column":22},"end":{"line":93,"column":23}},"loc":{"start":{"line":93,"column":32},"end":{"line":95,"column":5}}}},"branchMap":{"0":{"loc":{"start":{"line":62,"column":8},"end":{"line":70,"column":9}},"type":"if","locations":[{"start":{"line":62,"column":8},"end":{"line":70,"column":9}}]},"1":{"loc":{"start":{"line":62,"column":12},"end":{"line":62,"column":60}},"type":"binary-expr","locations":[{"start":{"line":62,"column":12},"end":{"line":62,"column":36}},{"start":{"line":62,"column":40},"end":{"line":62,"column":60}}]}},"s":{"0":1,"1":1,"2":1,"3":1,"4":1,"5":2,"6":2,"7":3,"8":2,"9":1,"10":1,"11":1,"12":1,"13":1},"f":{"0":1,"1":1,"2":2,"3":3,"4":1,"5":1},"b":{"0":[2],"1":[3,2]}}
,"C:\\Users\\ASUS\\Desktop\\Projects\\data-viewer-app\\src\\redux\\slices\\skuSlice.ts": {"path":"C:\\Users\\ASUS\\Desktop\\Projects\\data-viewer-app\\src\\redux\\slices\\skuSlice.ts","statementMap":{"0":{"start":{"line":1,"column":0},"end":{"line":1,"column":62}},"1":{"start":{"line":12,"column":31},"end":{"line":12,"column":33}},"2":{"start":{"line":14,"column":17},"end":{"line":34,"column":2}},"3":{"start":{"line":19,"column":6},"end":{"line":19,"column":33}},"4":{"start":{"line":22,"column":20},"end":{"line":22,"column":70}},"5":{"start":{"line":22,"column":43},"end":{"line":22,"column":69}},"6":{"start":{"line":23,"column":6},"end":{"line":25,"column":7}},"7":{"start":{"line":24,"column":8},"end":{"line":24,"column":38}},"8":{"start":{"line":28,"column":6},"end":{"line":28,"column":58}},"9":{"start":{"line":28,"column":33},"end":{"line":28,"column":56}},"10":{"start":{"line":31,"column":6},"end":{"line":31,"column":33}},"11":{"start":{"line":36,"column":13},"end":{"line":36,"column":60}},"12":{"start":{"line":37,"column":0},"end":{"line":37,"column":32}}},"fnMap":{"0":{"name":"(anonymous_0)","decl":{"start":{"line":18,"column":12},"end":{"line":18,"column":13}},"loc":{"start":{"line":18,"column":50},"end":{"line":20,"column":5}}},"1":{"name":"(anonymous_1)","decl":{"start":{"line":21,"column":15},"end":{"line":21,"column":16}},"loc":{"start":{"line":21,"column":53},"end":{"line":26,"column":5}}},"2":{"name":"(anonymous_2)","decl":{"start":{"line":22,"column":36},"end":{"line":22,"column":37}},"loc":{"start":{"line":22,"column":43},"end":{"line":22,"column":69}}},"3":{"name":"(anonymous_3)","decl":{"start":{"line":27,"column":15},"end":{"line":27,"column":16}},"loc":{"start":{"line":27,"column":56},"end":{"line":29,"column":5}}},"4":{"name":"(anonymous_4)","decl":{"start":{"line":28,"column":26},"end":{"line":28,"column":27}},"loc":{"start":{"line":28,"column":33},"end":{"line":28,"column":56}}},"5":{"name":"(anonymous_5)","decl":{"start":{"line":30,"column":16},"end":{"line":30,"column":17}},"loc":{"start":{"line":30,"column":52},"end":{"line":32,"column":5}}}},"branchMap":{"0":{"loc":{"start":{"line":23,"column":6},"end":{"line":25,"column":7}},"type":"if","locations":[{"start":{"line":23,"column":6},"end":{"line":25,"column":7}}]}},"s":{"0":1,"1":1,"2":1,"3":1,"4":1,"5":1,"6":1,"7":1,"8":1,"9":1,"10":1,"11":1,"12":1},"f":{"0":1,"1":1,"2":1,"3":1,"4":1,"5":1},"b":{"0":[1]}}
,"C:\\Users\\ASUS\\Desktop\\Projects\\data-viewer-app\\src\\redux\\slices\\storeSlice.ts": {"path":"C:\\Users\\ASUS\\Desktop\\Projects\\data-viewer-app\\src\\redux\\slices\\storeSlice.ts","statementMap":{"0":{"start":{"line":1,"column":0},"end":{"line":1,"column":62}},"1":{"start":{"line":10,"column":30},"end":{"line":10,"column":32}},"2":{"start":{"line":12,"column":19},"end":{"line":32,"column":2}},"3":{"start":{"line":17,"column":6},"end":{"line":17,"column":33}},"4":{"start":{"line":20,"column":20},"end":{"line":20,"column":70}},"5":{"start":{"line":20,"column":43},"end":{"line":20,"column":69}},"6":{"start":{"line":21,"column":6},"end":{"line":23,"column":7}},"7":{"start":{"line":22,"column":8},"end":{"line":22,"column":38}},"8":{"start":{"line":26,"column":6},"end":{"line":26,"column":58}},"9":{"start":{"line":26,"column":33},"end":{"line":26,"column":56}},"10":{"start":{"line":29,"column":6},"end":{"line":29,"column":33}},"11":{"start":{"line":34,"column":13},"end":{"line":34,"column":68}},"12":{"start":{"line":35,"column":0},"end":{"line":35,"column":34}}},"fnMap":{"0":{"name":"(anonymous_0)","decl":{"start":{"line":16,"column":14},"end":{"line":16,"column":15}},"loc":{"start":{"line":16,"column":54},"end":{"line":18,"column":5}}},"1":{"name":"(anonymous_1)","decl":{"start":{"line":19,"column":17},"end":{"line":19,"column":18}},"loc":{"start":{"line":19,"column":57},"end":{"line":24,"column":5}}},"2":{"name":"(anonymous_2)","decl":{"start":{"line":20,"column":36},"end":{"line":20,"column":37}},"loc":{"start":{"line":20,"column":43},"end":{"line":20,"column":69}}},"3":{"name":"(anonymous_3)","decl":{"start":{"line":25,"column":17},"end":{"line":25,"column":18}},"loc":{"start":{"line":25,"column":58},"end":{"line":27,"column":5}}},"4":{"name":"(anonymous_4)","decl":{"start":{"line":26,"column":26},"end":{"line":26,"column":27}},"loc":{"start":{"line":26,"column":33},"end":{"line":26,"column":56}}},"5":{"name":"(anonymous_5)","decl":{"start":{"line":28,"column":18},"end":{"line":28,"column":19}},"loc":{"start":{"line":28,"column":56},"end":{"line":30,"column":5}}}},"branchMap":{"0":{"loc":{"start":{"line":21,"column":6},"end":{"line":23,"column":7}},"type":"if","locations":[{"start":{"line":21,"column":6},"end":{"line":23,"column":7}}]}},"s":{"0":1,"1":1,"2":1,"3":1,"4":1,"5":1,"6":1,"7":1,"8":1,"9":1,"10":1,"11":1,"12":1},"f":{"0":1,"1":1,"2":1,"3":1,"4":1,"5":1},"b":{"0":[1]}}
}
