{"C:\\Users\\ASUS\\Desktop\\Projects\\data-viewer-app\\src\\redux\\slices\\skuSlice.ts": {"path":"C:\\Users\\ASUS\\Desktop\\Projects\\data-viewer-app\\src\\redux\\slices\\skuSlice.ts","statementMap":{"0":{"start":{"line":1,"column":0},"end":{"line":1,"column":62}},"1":{"start":{"line":12,"column":31},"end":{"line":12,"column":33}},"2":{"start":{"line":14,"column":17},"end":{"line":34,"column":2}},"3":{"start":{"line":19,"column":6},"end":{"line":19,"column":33}},"4":{"start":{"line":22,"column":20},"end":{"line":22,"column":70}},"5":{"start":{"line":22,"column":43},"end":{"line":22,"column":69}},"6":{"start":{"line":23,"column":6},"end":{"line":25,"column":7}},"7":{"start":{"line":24,"column":8},"end":{"line":24,"column":38}},"8":{"start":{"line":28,"column":6},"end":{"line":28,"column":58}},"9":{"start":{"line":28,"column":33},"end":{"line":28,"column":56}},"10":{"start":{"line":31,"column":6},"end":{"line":31,"column":33}},"11":{"start":{"line":36,"column":13},"end":{"line":36,"column":60}},"12":{"start":{"line":37,"column":0},"end":{"line":37,"column":32}}},"fnMap":{"0":{"name":"(anonymous_0)","decl":{"start":{"line":18,"column":12},"end":{"line":18,"column":13}},"loc":{"start":{"line":18,"column":50},"end":{"line":20,"column":5}}},"1":{"name":"(anonymous_1)","decl":{"start":{"line":21,"column":15},"end":{"line":21,"column":16}},"loc":{"start":{"line":21,"column":53},"end":{"line":26,"column":5}}},"2":{"name":"(anonymous_2)","decl":{"start":{"line":22,"column":36},"end":{"line":22,"column":37}},"loc":{"start":{"line":22,"column":43},"end":{"line":22,"column":69}}},"3":{"name":"(anonymous_3)","decl":{"start":{"line":27,"column":15},"end":{"line":27,"column":16}},"loc":{"start":{"line":27,"column":56},"end":{"line":29,"column":5}}},"4":{"name":"(anonymous_4)","decl":{"start":{"line":28,"column":26},"end":{"line":28,"column":27}},"loc":{"start":{"line":28,"column":33},"end":{"line":28,"column":56}}},"5":{"name":"(anonymous_5)","decl":{"start":{"line":30,"column":16},"end":{"line":30,"column":17}},"loc":{"start":{"line":30,"column":52},"end":{"line":32,"column":5}}}},"branchMap":{"0":{"loc":{"start":{"line":23,"column":6},"end":{"line":25,"column":7}},"type":"if","locations":[{"start":{"line":23,"column":6},"end":{"line":25,"column":7}}]}},"s":{"0":1,"1":1,"2":1,"3":1,"4":1,"5":1,"6":1,"7":1,"8":1,"9":1,"10":1,"11":1,"12":1},"f":{"0":1,"1":1,"2":1,"3":1,"4":1,"5":1},"b":{"0":[1]}}
,"C:\\Users\\ASUS\\Desktop\\Projects\\data-viewer-app\\src\\redux\\slices\\storeSlice.ts": {"path":"C:\\Users\\ASUS\\Desktop\\Projects\\data-viewer-app\\src\\redux\\slices\\storeSlice.ts","statementMap":{"0":{"start":{"line":1,"column":0},"end":{"line":1,"column":62}},"1":{"start":{"line":10,"column":30},"end":{"line":10,"column":32}},"2":{"start":{"line":12,"column":19},"end":{"line":32,"column":2}},"3":{"start":{"line":17,"column":6},"end":{"line":17,"column":33}},"4":{"start":{"line":20,"column":20},"end":{"line":20,"column":70}},"5":{"start":{"line":20,"column":43},"end":{"line":20,"column":69}},"6":{"start":{"line":21,"column":6},"end":{"line":23,"column":7}},"7":{"start":{"line":22,"column":8},"end":{"line":22,"column":38}},"8":{"start":{"line":26,"column":6},"end":{"line":26,"column":58}},"9":{"start":{"line":26,"column":33},"end":{"line":26,"column":56}},"10":{"start":{"line":29,"column":6},"end":{"line":29,"column":33}},"11":{"start":{"line":34,"column":13},"end":{"line":34,"column":68}},"12":{"start":{"line":35,"column":0},"end":{"line":35,"column":34}}},"fnMap":{"0":{"name":"(anonymous_0)","decl":{"start":{"line":16,"column":14},"end":{"line":16,"column":15}},"loc":{"start":{"line":16,"column":54},"end":{"line":18,"column":5}}},"1":{"name":"(anonymous_1)","decl":{"start":{"line":19,"column":17},"end":{"line":19,"column":18}},"loc":{"start":{"line":19,"column":57},"end":{"line":24,"column":5}}},"2":{"name":"(anonymous_2)","decl":{"start":{"line":20,"column":36},"end":{"line":20,"column":37}},"loc":{"start":{"line":20,"column":43},"end":{"line":20,"column":69}}},"3":{"name":"(anonymous_3)","decl":{"start":{"line":25,"column":17},"end":{"line":25,"column":18}},"loc":{"start":{"line":25,"column":58},"end":{"line":27,"column":5}}},"4":{"name":"(anonymous_4)","decl":{"start":{"line":26,"column":26},"end":{"line":26,"column":27}},"loc":{"start":{"line":26,"column":33},"end":{"line":26,"column":56}}},"5":{"name":"(anonymous_5)","decl":{"start":{"line":28,"column":18},"end":{"line":28,"column":19}},"loc":{"start":{"line":28,"column":56},"end":{"line":30,"column":5}}}},"branchMap":{"0":{"loc":{"start":{"line":21,"column":6},"end":{"line":23,"column":7}},"type":"if","locations":[{"start":{"line":21,"column":6},"end":{"line":23,"column":7}}]}},"s":{"0":1,"1":1,"2":1,"3":1,"4":1,"5":1,"6":1,"7":1,"8":1,"9":1,"10":1,"11":1,"12":1},"f":{"0":1,"1":1,"2":1,"3":1,"4":1,"5":1},"b":{"0":[1]}}
}
