TN:
SF:src\redux\slices\chartSlice.ts
FN:27,(anonymous_0)
FN:30,(anonymous_1)
FN:33,(anonymous_2)
FNF:3
FNH:3
FNDA:2,(anonymous_0)
FNDA:2,(anonymous_1)
FNDA:1,(anonymous_2)
DA:1,1
DA:19,1
DA:23,1
DA:28,2
DA:31,2
DA:34,1
DA:39,1
DA:40,1
LF:8
LH:8
BRF:0
BRH:0
end_of_record
TN:
SF:src\redux\slices\planningSlice.ts
FN:45,(anonymous_0)
FN:48,(anonymous_1)
FN:51,(anonymous_2)
FN:61,(anonymous_3)
FN:74,(anonymous_4)
FN:93,(anonymous_5)
FNF:6
FNH:6
FNDA:1,(anonymous_0)
FNDA:1,(anonymous_1)
FNDA:2,(anonymous_2)
FNDA:3,(anonymous_3)
FNDA:1,(anonymous_4)
FNDA:1,(anonymous_5)
DA:1,1
DA:35,1
DA:41,1
DA:46,1
DA:49,1
DA:60,2
DA:61,2
DA:62,3
DA:63,2
DA:71,1
DA:91,1
DA:94,1
DA:99,1
DA:107,1
LF:14
LH:14
BRDA:62,0,0,2
BRDA:62,1,0,3
BRDA:62,1,1,2
BRF:3
BRH:3
end_of_record
TN:
SF:src\redux\slices\skuSlice.ts
FN:18,(anonymous_0)
FN:21,(anonymous_1)
FN:22,(anonymous_2)
FN:27,(anonymous_3)
FN:28,(anonymous_4)
FN:30,(anonymous_5)
FNF:6
FNH:6
FNDA:1,(anonymous_0)
FNDA:1,(anonymous_1)
FNDA:1,(anonymous_2)
FNDA:1,(anonymous_3)
FNDA:1,(anonymous_4)
FNDA:1,(anonymous_5)
DA:1,1
DA:12,1
DA:14,1
DA:19,1
DA:22,1
DA:23,1
DA:24,1
DA:28,1
DA:31,1
DA:36,1
DA:37,1
LF:11
LH:11
BRDA:23,0,0,1
BRF:1
BRH:1
end_of_record
TN:
SF:src\redux\slices\storeSlice.ts
FN:16,(anonymous_0)
FN:19,(anonymous_1)
FN:20,(anonymous_2)
FN:25,(anonymous_3)
FN:26,(anonymous_4)
FN:28,(anonymous_5)
FNF:6
FNH:6
FNDA:1,(anonymous_0)
FNDA:1,(anonymous_1)
FNDA:1,(anonymous_2)
FNDA:1,(anonymous_3)
FNDA:1,(anonymous_4)
FNDA:1,(anonymous_5)
DA:1,1
DA:10,1
DA:12,1
DA:17,1
DA:20,1
DA:21,1
DA:22,1
DA:26,1
DA:29,1
DA:34,1
DA:35,1
LF:11
LH:11
BRDA:21,0,0,1
BRF:1
BRH:1
end_of_record
